2020-09-22 13:40:43,707 【INFO】/user/auth-list: success, return:{'retCode': 1000010, 'retMsg': '登录超时，请重新登录', 'retData': {}, 'retHtml': ''}
2020-09-22 13:40:43,946 【INFO】/user/set-password: success, return:{'retCode': 1000010, 'retMsg': '登录超时，请重新登录', 'retData': {}, 'retHtml': ''}
2020-09-22 13:40:44,209 【INFO】/common/check-auth: success, return:{'retCode': 19009, 'retMsg': '手机验证码无效', 'retData': {}, 'retHtml': ''}
2020-09-22 13:40:44,462 【INFO】/common/register: success, return:{'retCode': 19016, 'retMsg': '密码为8到20位', 'retData': {}, 'retHtml': ''}
2020-09-22 13:40:44,691 【INFO】/user/reset-password: success, return:{'retCode': 1000010, 'retMsg': '登录超时，请重新登录', 'retData': {}, 'retHtml': ''}
2020-09-22 13:40:44,915 【INFO】/user/bind-phone: success, return:{'retCode': 1000010, 'retMsg': '登录超时，请重新登录', 'retData': {}, 'retHtml': ''}
2020-09-22 13:40:45,150 【INFO】/user/bind-google-authenticator: success, return:{'retCode': 1000010, 'retMsg': '登录超时，请重新登录', 'retData': {}, 'retHtml': ''}
2020-09-22 13:40:45,390 【INFO】/user/switch-auth: success, return:{'retCode': 1000010, 'retMsg': '登录超时，请重新登录', 'retData': {}, 'retHtml': ''}
2020-09-22 13:40:45,750 【INFO】/common/check-code: success, return:{'retCode': 999998, 'retMsg': '请求参数错误:type', 'retData': {}, 'retHtml': ''}
2020-09-22 13:40:46,163 【ERROR】/common/auth-list1: error, return:{'retCode': 100001, 'retMsg': '您请求的页面不存在！', 'retData': {'code': 404}, 'retHtml': ''}
2020-09-22 13:40:46,393 【INFO】/user/account: success, return:{'retCode': 1000010, 'retMsg': '登录超时，请重新登录', 'retData': {}, 'retHtml': ''}
2020-09-22 13:40:46,641 【INFO】/common/forget-password: success, return:{'retCode': 999998, 'retMsg': '请求参数错误:_token', 'retData': {}, 'retHtml': ''}
2020-09-22 13:40:46,872 【INFO】/site/send-sms: success, return:{'retCode': 999998, 'retMsg': '请求参数错误:mobile', 'retData': {}, 'retHtml': ''}
2020-09-22 13:40:47,101 【INFO】/user/check-password: success, return:{'retCode': 1000010, 'retMsg': '登录超时，请重新登录', 'retData': {}, 'retHtml': ''}
2020-09-22 13:40:47,333 【INFO】/common/login-check: success, return:{'retCode': 999998, 'retMsg': '请求参数错误:_token', 'retData': {}, 'retHtml': ''}
2020-09-22 13:40:47,591 【INFO】/common/login: success, return:{'retCode': 19013, 'retMsg': '登录密码错误', 'retData': {}, 'retHtml': ''}
2020-09-22 13:40:47,829 【INFO】/user/get-google-authenticator: success, return:{'retCode': 1000010, 'retMsg': '登录超时，请重新登录', 'retData': {}, 'retHtml': ''}
2020-09-22 13:40:48,070 【INFO】/user/update: success, return:{'retCode': 1000010, 'retMsg': '登录超时，请重新登录', 'retData': {}, 'retHtml': ''}
2020-09-22 13:40:48,306 【INFO】/user/bind-email: success, return:{'retCode': 1000010, 'retMsg': '登录超时，请重新登录', 'retData': {}, 'retHtml': ''}
2020-09-22 13:47:09,000 【INFO】/user/auth-list: success, return:{'retCode': 1000010, 'retMsg': '登录超时，请重新登录', 'retData': {}, 'retHtml': ''}
2020-09-22 13:47:09,232 【INFO】/user/set-password: success, return:{'retCode': 1000010, 'retMsg': '登录超时，请重新登录', 'retData': {}, 'retHtml': ''}
2020-09-22 13:47:09,505 【INFO】/common/check-auth: success, return:{'retCode': 19009, 'retMsg': '手机验证码无效', 'retData': {}, 'retHtml': ''}
2020-09-22 13:47:09,734 【INFO】/common/register: success, return:{'retCode': 19016, 'retMsg': '密码为8到20位', 'retData': {}, 'retHtml': ''}
2020-09-22 13:47:09,969 【INFO】/user/reset-password: success, return:{'retCode': 1000010, 'retMsg': '登录超时，请重新登录', 'retData': {}, 'retHtml': ''}
2020-09-22 13:47:10,204 【INFO】/user/bind-phone: success, return:{'retCode': 1000010, 'retMsg': '登录超时，请重新登录', 'retData': {}, 'retHtml': ''}
2020-09-22 13:47:10,432 【INFO】/user/bind-google-authenticator: success, return:{'retCode': 1000010, 'retMsg': '登录超时，请重新登录', 'retData': {}, 'retHtml': ''}
2020-09-22 13:47:10,658 【INFO】/user/switch-auth: success, return:{'retCode': 1000010, 'retMsg': '登录超时，请重新登录', 'retData': {}, 'retHtml': ''}
2020-09-22 13:47:10,886 【INFO】/common/check-code: success, return:{'retCode': 999998, 'retMsg': '请求参数错误:type', 'retData': {}, 'retHtml': ''}
2020-09-22 13:47:11,362 【ERROR】/common/auth-list1: error, return:{'retCode': 100001, 'retMsg': '您请求的页面不存在！', 'retData': {'code': 404}, 'retHtml': ''}
2020-09-22 13:47:11,593 【INFO】/user/account: success, return:{'retCode': 1000010, 'retMsg': '登录超时，请重新登录', 'retData': {}, 'retHtml': ''}
2020-09-22 13:47:11,816 【INFO】/common/forget-password: success, return:{'retCode': 999998, 'retMsg': '请求参数错误:_token', 'retData': {}, 'retHtml': ''}
2020-09-22 13:47:12,047 【INFO】/site/send-sms: success, return:{'retCode': 999998, 'retMsg': '请求参数错误:mobile', 'retData': {}, 'retHtml': ''}
2020-09-22 13:47:12,266 【INFO】/user/check-password: success, return:{'retCode': 1000010, 'retMsg': '登录超时，请重新登录', 'retData': {}, 'retHtml': ''}
2020-09-22 13:47:12,500 【INFO】/common/login-check: success, return:{'retCode': 999998, 'retMsg': '请求参数错误:_token', 'retData': {}, 'retHtml': ''}
2020-09-22 13:47:12,745 【INFO】/common/login: success, return:{'retCode': 19013, 'retMsg': '登录密码错误', 'retData': {}, 'retHtml': ''}
2020-09-22 13:47:12,970 【INFO】/user/get-google-authenticator: success, return:{'retCode': 1000010, 'retMsg': '登录超时，请重新登录', 'retData': {}, 'retHtml': ''}
2020-09-22 13:47:13,198 【INFO】/user/update: success, return:{'retCode': 1000010, 'retMsg': '登录超时，请重新登录', 'retData': {}, 'retHtml': ''}
2020-09-22 13:47:13,426 【INFO】/user/bind-email: success, return:{'retCode': 1000010, 'retMsg': '登录超时，请重新登录', 'retData': {}, 'retHtml': ''}
2020-09-22 18:47:21,202 【INFO】/user/auth-list: success, return:{'retCode': 100002, 'retMsg': '登录超时，请重新登录', 'retData': {}, 'retHtml': ''}
2020-09-22 18:47:21,356 【INFO】/user/set-password: success, return:{'retCode': 100002, 'retMsg': '登录超时，请重新登录', 'retData': {}, 'retHtml': ''}
2020-09-22 18:47:21,499 【INFO】/common/check-auth: success, return:{'retCode': 19024, 'retMsg': '用户手机或邮箱无效', 'retData': {}, 'retHtml': ''}
2020-09-22 18:47:21,647 【INFO】/common/register: success, return:{'retCode': 19016, 'retMsg': '密码为8到20位', 'retData': {}, 'retHtml': ''}
2020-09-22 18:47:21,802 【INFO】/user/reset-password: success, return:{'retCode': 100002, 'retMsg': '登录超时，请重新登录', 'retData': {}, 'retHtml': ''}
2020-09-22 18:47:21,974 【INFO】/user/bind-phone: success, return:{'retCode': 100002, 'retMsg': '登录超时，请重新登录', 'retData': {}, 'retHtml': ''}
2020-09-22 18:47:22,114 【INFO】/user/bind-google-authenticator: success, return:{'retCode': 100002, 'retMsg': '登录超时，请重新登录', 'retData': {}, 'retHtml': ''}
2020-09-22 18:47:22,272 【INFO】/user/switch-auth: success, return:{'retCode': 100002, 'retMsg': '登录超时，请重新登录', 'retData': {}, 'retHtml': ''}
2020-09-22 18:47:22,441 【INFO】/common/check-code: success, return:{'retCode': 19024, 'retMsg': '用户手机或邮箱无效', 'retData': {}, 'retHtml': ''}
2020-09-22 18:47:24,652 【ERROR】/common/auth-list1: error, return:{'retCode': 100001, 'retMsg': '您请求的页面不存在！', 'retData': {'code': 404}, 'retHtml': ''}
2020-09-22 18:47:24,794 【INFO】/user/account: success, return:{'retCode': 100002, 'retMsg': '登录超时，请重新登录', 'retData': {}, 'retHtml': ''}
2020-09-22 18:47:24,938 【INFO】/common/forget-password: success, return:{'retCode': 99998, 'retMsg': '请求参数错误', 'retData': {}, 'retHtml': ''}
2020-09-22 18:47:25,210 【INFO】/site/send-sms: success, return:{'retCode': 19024, 'retMsg': '用户手机或邮箱无效', 'retData': {}, 'retHtml': ''}
2020-09-22 18:47:25,675 【INFO】/user/check-password: success, return:{'retCode': 100002, 'retMsg': '登录超时，请重新登录', 'retData': {}, 'retHtml': ''}
2020-09-22 18:47:26,180 【INFO】/common/login-check: success, return:{'retCode': 99998, 'retMsg': '请求参数错误', 'retData': {}, 'retHtml': ''}
2020-09-22 18:47:26,353 【INFO】/common/login: success, return:{'retCode': 19024, 'retMsg': '用户手机或邮箱无效', 'retData': {}, 'retHtml': ''}
2020-09-22 18:47:26,903 【INFO】/user/get-google-authenticator: success, return:{'retCode': 100002, 'retMsg': '登录超时，请重新登录', 'retData': {}, 'retHtml': ''}
2020-09-22 18:47:27,074 【INFO】/user/update: success, return:{'retCode': 100002, 'retMsg': '登录超时，请重新登录', 'retData': {}, 'retHtml': ''}
2020-09-22 18:47:27,248 【INFO】/user/bind-email: success, return:{'retCode': 100002, 'retMsg': '登录超时，请重新登录', 'retData': {}, 'retHtml': ''}
2020-09-22 18:48:42,002 【INFO】/user/auth-list: success, return:{'retCode': 100002, 'retMsg': '登录超时，请重新登录', 'retData': {}, 'retHtml': ''}
2020-09-22 18:48:42,150 【INFO】/user/set-password: success, return:{'retCode': 100002, 'retMsg': '登录超时，请重新登录', 'retData': {}, 'retHtml': ''}
2020-09-22 18:48:42,304 【INFO】/common/check-auth: success, return:{'retCode': 19024, 'retMsg': '用户手机或邮箱无效', 'retData': {}, 'retHtml': ''}
2020-09-22 18:48:42,472 【INFO】/common/register: success, return:{'retCode': 19024, 'retMsg': '用户手机或邮箱无效', 'retData': {}, 'retHtml': ''}
2020-09-22 18:48:43,609 【INFO】/user/reset-password: success, return:{'retCode': 100002, 'retMsg': '登录超时，请重新登录', 'retData': {}, 'retHtml': ''}
2020-09-22 18:48:43,753 【INFO】/user/bind-phone: success, return:{'retCode': 100002, 'retMsg': '登录超时，请重新登录', 'retData': {}, 'retHtml': ''}
2020-09-22 18:48:43,921 【INFO】/user/bind-google-authenticator: success, return:{'retCode': 100002, 'retMsg': '登录超时，请重新登录', 'retData': {}, 'retHtml': ''}
2020-09-22 18:48:44,060 【INFO】/user/switch-auth: success, return:{'retCode': 100002, 'retMsg': '登录超时，请重新登录', 'retData': {}, 'retHtml': ''}
2020-09-22 18:48:44,318 【INFO】/common/check-code: success, return:{'retCode': 19024, 'retMsg': '用户手机或邮箱无效', 'retData': {}, 'retHtml': ''}
2020-09-22 18:48:46,675 【ERROR】/common/auth-list1: error, return:{'retCode': 100001, 'retMsg': '您请求的页面不存在！', 'retData': {'code': 404}, 'retHtml': ''}
2020-09-22 18:48:46,814 【INFO】/user/account: success, return:{'retCode': 100002, 'retMsg': '登录超时，请重新登录', 'retData': {}, 'retHtml': ''}
2020-09-22 18:48:46,981 【INFO】/common/forget-password: success, return:{'retCode': 99998, 'retMsg': '请求参数错误', 'retData': {}, 'retHtml': ''}
2020-09-22 18:48:47,148 【INFO】/site/send-sms: success, return:{'retCode': 19024, 'retMsg': '用户手机或邮箱无效', 'retData': {}, 'retHtml': ''}
2020-09-22 18:48:47,294 【INFO】/user/check-password: success, return:{'retCode': 100002, 'retMsg': '登录超时，请重新登录', 'retData': {}, 'retHtml': ''}
2020-09-22 18:48:47,466 【INFO】/common/login-check: success, return:{'retCode': 99998, 'retMsg': '请求参数错误', 'retData': {}, 'retHtml': ''}
2020-09-22 18:48:47,635 【INFO】/common/login: success, return:{'retCode': 19024, 'retMsg': '用户手机或邮箱无效', 'retData': {}, 'retHtml': ''}
2020-09-22 18:48:47,789 【INFO】/user/get-google-authenticator: success, return:{'retCode': 100002, 'retMsg': '登录超时，请重新登录', 'retData': {}, 'retHtml': ''}
2020-09-22 18:48:48,946 【INFO】/user/update: success, return:{'retCode': 100002, 'retMsg': '登录超时，请重新登录', 'retData': {}, 'retHtml': ''}
2020-09-22 18:48:49,086 【INFO】/user/bind-email: success, return:{'retCode': 100002, 'retMsg': '登录超时，请重新登录', 'retData': {}, 'retHtml': ''}
2020-09-22 19:02:03,635 【INFO】/user/auth-list: success, return:{'retCode': 1000010, 'retMsg': '登录超时，请重新登录', 'retData': {}, 'retHtml': ''}
2020-09-22 19:02:03,867 【INFO】/user/set-password: success, return:{'retCode': 1000010, 'retMsg': '登录超时，请重新登录', 'retData': {}, 'retHtml': ''}
2020-09-22 19:02:04,108 【INFO】/common/check-auth: success, return:{'retCode': 19024, 'retMsg': '用户手机或邮箱无效', 'retData': {}, 'retHtml': ''}
2020-09-22 19:02:04,347 【INFO】/common/register: success, return:{'retCode': 19024, 'retMsg': '用户手机或邮箱无效', 'retData': {}, 'retHtml': ''}
2020-09-22 19:02:04,581 【INFO】/user/reset-password: success, return:{'retCode': 1000010, 'retMsg': '登录超时，请重新登录', 'retData': {}, 'retHtml': ''}
2020-09-22 19:02:04,815 【INFO】/user/bind-phone: success, return:{'retCode': 1000010, 'retMsg': '登录超时，请重新登录', 'retData': {}, 'retHtml': ''}
2020-09-22 19:02:05,044 【INFO】/user/bind-google-authenticator: success, return:{'retCode': 1000010, 'retMsg': '登录超时，请重新登录', 'retData': {}, 'retHtml': ''}
2020-09-22 19:02:05,280 【INFO】/user/switch-auth: success, return:{'retCode': 1000010, 'retMsg': '登录超时，请重新登录', 'retData': {}, 'retHtml': ''}
2020-09-22 19:02:05,510 【INFO】/common/check-code: success, return:{'retCode': 19024, 'retMsg': '用户手机或邮箱无效', 'retData': {}, 'retHtml': ''}
2020-09-22 19:02:06,323 【ERROR】/common/auth-list1: error, return:{'retCode': 100001, 'retMsg': '您请求的页面不存在！', 'retData': {'code': 404}, 'retHtml': ''}
2020-09-22 19:02:06,563 【INFO】/user/account: success, return:{'retCode': 1000010, 'retMsg': '登录超时，请重新登录', 'retData': {}, 'retHtml': ''}
2020-09-22 19:02:06,798 【INFO】/common/forget-password: success, return:{'retCode': 99998, 'retMsg': '请求参数错误', 'retData': {}, 'retHtml': ''}
2020-09-22 19:02:07,032 【INFO】/site/send-sms: success, return:{'retCode': 19024, 'retMsg': '用户手机或邮箱无效', 'retData': {}, 'retHtml': ''}
2020-09-22 19:02:07,258 【INFO】/user/check-password: success, return:{'retCode': 1000010, 'retMsg': '登录超时，请重新登录', 'retData': {}, 'retHtml': ''}
2020-09-22 19:02:07,486 【INFO】/common/login-check: success, return:{'retCode': 99998, 'retMsg': '请求参数错误', 'retData': {}, 'retHtml': ''}
2020-09-22 19:02:07,720 【INFO】/common/login: success, return:{'retCode': 19024, 'retMsg': '用户手机或邮箱无效', 'retData': {}, 'retHtml': ''}
2020-09-22 19:02:07,949 【INFO】/user/get-google-authenticator: success, return:{'retCode': 1000010, 'retMsg': '登录超时，请重新登录', 'retData': {}, 'retHtml': ''}
2020-09-22 19:02:08,171 【INFO】/user/update: success, return:{'retCode': 1000010, 'retMsg': '登录超时，请重新登录', 'retData': {}, 'retHtml': ''}
2020-09-22 19:02:08,421 【INFO】/user/bind-email: success, return:{'retCode': 1000010, 'retMsg': '登录超时，请重新登录', 'retData': {}, 'retHtml': ''}
2020-09-22 20:32:25,722 【INFO】/common/login: success, return:{'retCode': 0, 'retMsg': '', 'retData': {'auth': [{'type': 'phone', 'account': '18652979336'}], '_token': '484436b0e903f7ae47eb102c5bfdc2f2'}, 'retHtml': ''}
2020-09-22 20:44:52,286 【INFO】/common/login: success, return:{'retCode': 0, 'retMsg': '', 'retData': {'auth': [{'type': 'phone', 'account': '18652979336'}], '_token': '739ddf21cec87ef6fe714f0e871724d6'}, 'retHtml': ''}
2020-09-22 20:46:58,531 【INFO】/common/login: success, return:{'retCode': 0, 'retMsg': '', 'retData': {'auth': [{'type': 'phone', 'account': '18652979336'}], '_token': '0c92f0ede0e1c980db047d58a87e9d7d'}, 'retHtml': ''}
2020-09-22 20:47:17,770 【INFO】/common/login: success, return:{'retCode': 0, 'retMsg': '', 'retData': {'auth': [{'type': 'phone', 'account': '18652979336'}], '_token': 'ea1cf32e409d772341ce40fac90bd03b'}, 'retHtml': ''}
2020-09-22 20:50:25,074 【INFO】/common/login: success, return:{'retCode': 0, 'retMsg': '', 'retData': {'auth': [{'type': 'phone', 'account': '18652979336'}], '_token': '14346df2998377b4d9e5dea5554da802'}, 'retHtml': ''}
2020-09-22 20:50:27,424 【INFO】/common/login-check: success, return:{'retCode': 0, 'retMsg': '', 'retData': {'uid': 36000511, 'token': 'doPlnZljZldRwyY70PerMRlKmPS2nGsPLFQ14DPjIGeV9ek+6tGESrkNGZNYY83edjmm59n9qQ9KQ77h3ezbsQ==', 'coins_access_token': '26ee0b92-8c5b-4f98-8288-e0d6a210068c', 'coins_refresh_token': '808eb834-0f36-4501-86d2-2879806413bc', 'coins_expires_in': 69400, 'isTrans': False, 'user': {'name': None, 'nickname': '186****9336', 'mobile': '18652979336', 'email': '(NULL)', 'has_pwd': True, 'kyc_status': 0, 'head_img': '', 'netease_token': '48c3a27e6307c6abdc7fb73bfb1b045a', 'mykey_account': None, 'roomid': 140669063, 'vip_roomid': 139847256, 'level': 1, 'left': 1000, 'total': 1000, 'chatroom_tag': None, 'coins_id': 10904, 'mykey_id': None, 'open_financial': 0}}, 'retHtml': ''}
2020-09-22 20:50:38,258 【INFO】/common/login: success, return:{'retCode': 0, 'retMsg': '', 'retData': {'auth': [{'type': 'phone', 'account': '18652979336'}], '_token': '6deab1d7e44dbd7338aa4c59b3c1a171'}, 'retHtml': ''}
2020-09-22 20:50:40,634 【INFO】/common/login-check: success, return:{'retCode': 0, 'retMsg': '', 'retData': {'uid': 36000511, 'token': 'WT3gJcgcl3Fhc7stLnIoq+FwAavY5ADHy1UbVNYilvsZZrxVmA/I+YlcKCRTO1d+ZsRDS4VBKbpk8x8Jkl0nEA==', 'coins_access_token': '26ee0b92-8c5b-4f98-8288-e0d6a210068c', 'coins_refresh_token': '808eb834-0f36-4501-86d2-2879806413bc', 'coins_expires_in': 69386, 'isTrans': False, 'user': {'name': None, 'nickname': '186****9336', 'mobile': '18652979336', 'email': '(NULL)', 'has_pwd': True, 'kyc_status': 0, 'head_img': '', 'netease_token': '48c3a27e6307c6abdc7fb73bfb1b045a', 'mykey_account': None, 'roomid': 140669063, 'vip_roomid': 139847256, 'level': 1, 'left': 1000, 'total': 1000, 'chatroom_tag': None, 'coins_id': 10904, 'mykey_id': None, 'open_financial': 0}}, 'retHtml': ''}
